WARNING: Failed to find function "__sanitizer_acquire_crash_state".
WARNING: Failed to find function "__sanitizer_print_stack_trace".
WARNING: Failed to find function "__sanitizer_set_death_callback".
INFO: Running with entropic power schedule (0xFF, 100).
INFO: Seed: 543983646
MERGE-OUTER: 1413 files, 0 in the initial corpus, 0 processed earlier
MERGE-OUTER: attempt 1
WARNING: Failed to find function "__sanitizer_acquire_crash_state".
WARNING: Failed to find function "__sanitizer_print_stack_trace".
WARNING: Failed to find function "__sanitizer_set_death_callback".
INFO: Running with entropic power schedule (0xFF, 100).
INFO: Seed: 543998450
INFO: -max_len is not provided; libFuzzer will not generate inputs larger than 1048576 bytes
MERGE-INNER: using the control file '/tmp/libFuzzerTemp.Merge75.txt'
MERGE-INNER: 1413 total files; 0 processed earlier; will process 1413 files now
#1	pulse  exec/s: 0 rss: 33Mb
#2	pulse  exec/s: 0 rss: 33Mb
#4	pulse  exec/s: 0 rss: 33Mb
#8	pulse  exec/s: 0 rss: 33Mb
#16	pulse  exec/s: 0 rss: 33Mb
#32	pulse  exec/s: 0 rss: 33Mb
#64	pulse  exec/s: 0 rss: 33Mb
#128	pulse  exec/s: 0 rss: 33Mb
#256	pulse  exec/s: 0 rss: 33Mb
#512	pulse  exec/s: 0 rss: 33Mb
#1024	pulse  exec/s: 0 rss: 33Mb
#1413	DONE   exec/s: 1413 rss: 35Mb
MERGE-OUTER: successful in 1 attempt(s)
MERGE-OUTER: the control file has 156931 bytes
MERGE-OUTER: consumed 0Mb (33Mb rss) to parse the control file
MERGE-OUTER: 0 new files with 0 new features added; 0 new coverage edges
